logs saved to logs/train_FD001_to_FD004_type3_20260615-121859
source=FD001, target=FD004, a=0.1, b=0.5, epochs=240, type=latent no-align, lr=0.001, scheduler=step, optimizer=adamw, weight_decay=0.0001, latent_dim=16, latent_weight=0.05, target_latent_weight=0.01, latent_ramp_epoch=40, latent_max_factor=1.0, mono_weight=0.02, target_mono_weight=0.005, ema_decay=0.0, patience=60, plateau_start_epoch=45, early_stop_start_epoch=80, validate_all_target=0, final_eval_all_target=1, eval_all_every=5, no source-target alignment
0/240| loss1=0.06526, latent=0.00000, mono=0.00001, recon=0.00000, smooth=0.00000, decor=0.00000, lf=0.000, mf=0.050, rmse=48.43811, ema_rmse=none, selected=raw:48.43811
min=48.438108962592345 at epoch=0 from raw
1/240| loss1=0.01536, latent=0.00000, mono=0.00001, recon=0.00000, smooth=0.00000, decor=0.00000, lf=0.000, mf=0.100, rmse=73.22897, ema_rmse=none, selected=raw:73.22897
2/240| loss1=0.01188, latent=0.00000, mono=0.00002, recon=0.00000, smooth=0.00000, decor=0.00000, lf=0.000, mf=0.150, rmse=68.00457, ema_rmse=none, selected=raw:68.00457
3/240| loss1=0.01001, latent=0.00000, mono=0.00002, recon=0.00000, smooth=0.00000, decor=0.00000, lf=0.000, mf=0.200, rmse=66.24901, ema_rmse=none, selected=raw:66.24901
4/240| loss1=0.00918, latent=0.00000, mono=0.00002, recon=0.00000, smooth=0.00000, decor=0.00000, lf=0.000, mf=0.250, rmse=63.06801, ema_rmse=none, selected=raw:63.06801
eval_all_min=62.97429394786974 at epoch=4 from raw
5/240| loss1=0.00817, latent=0.00069, mono=0.00003, recon=0.49689, smooth=0.07457, decor=0.28788, lf=0.025, mf=0.300, rmse=74.20294, ema_rmse=none, selected=raw:74.20294
6/240| loss1=0.00812, latent=0.00076, mono=0.00003, recon=0.28493, smooth=0.07500, decor=0.27005, lf=0.050, mf=0.350, rmse=71.69898, ema_rmse=none, selected=raw:71.69898
7/240| loss1=0.00740, latent=0.00103, mono=0.00003, recon=0.23460, smooth=0.08162, decor=0.26463, lf=0.075, mf=0.400, rmse=69.14825, ema_rmse=none, selected=raw:69.14825
8/240| loss1=0.00732, latent=0.00125, mono=0.00003, recon=0.20351, smooth=0.08511, decor=0.26170, lf=0.100, mf=0.450, rmse=71.99672, ema_rmse=none, selected=raw:71.99672
9/240| loss1=0.00699, latent=0.00143, mono=0.00003, recon=0.17926, smooth=0.09140, decor=0.25714, lf=0.125, mf=0.500, rmse=73.99216, ema_rmse=none, selected=raw:73.99216
10/240| loss1=0.00672, latent=0.00159, mono=0.00003, recon=0.16545, smooth=0.09318, decor=0.24773, lf=0.150, mf=0.550, rmse=66.98293, ema_rmse=none, selected=raw:66.98293
11/240| loss1=0.00657, latent=0.00171, mono=0.00003, recon=0.15104, smooth=0.09544, decor=0.23783, lf=0.175, mf=0.600, rmse=76.38007, ema_rmse=none, selected=raw:76.38007
12/240| loss1=0.00612, latent=0.00180, mono=0.00003, recon=0.13747, smooth=0.10078, decor=0.22517, lf=0.200, mf=0.650, rmse=73.62881, ema_rmse=none, selected=raw:73.62881
13/240| loss1=0.00606, latent=0.00186, mono=0.00003, recon=0.12503, smooth=0.10415, decor=0.21466, lf=0.225, mf=0.700, rmse=75.47214, ema_rmse=none, selected=raw:75.47214
14/240| loss1=0.00586, latent=0.00192, mono=0.00003, recon=0.11461, smooth=0.10694, decor=0.20459, lf=0.250, mf=0.750, rmse=77.38703, ema_rmse=none, selected=raw:77.38703
15/240| loss1=0.00573, latent=0.00195, mono=0.00003, recon=0.10285, smooth=0.11112, decor=0.18987, lf=0.275, mf=0.800, rmse=80.99841, ema_rmse=none, selected=raw:80.99841
16/240| loss1=0.00568, latent=0.00195, mono=0.00003, recon=0.09318, smooth=0.11303, decor=0.18023, lf=0.300, mf=0.850, rmse=79.91541, ema_rmse=none, selected=raw:79.91541
17/240| loss1=0.00549, latent=0.00194, mono=0.00003, recon=0.08587, smooth=0.11465, decor=0.17505, lf=0.325, mf=0.900, rmse=80.96483, ema_rmse=none, selected=raw:80.96483
18/240| loss1=0.00544, latent=0.00195, mono=0.00003, recon=0.08120, smooth=0.11136, decor=0.17370, lf=0.350, mf=0.950, rmse=80.01443, ema_rmse=none, selected=raw:80.01443
19/240| loss1=0.00523, latent=0.00203, mono=0.00003, recon=0.08093, smooth=0.10790, decor=0.17332, lf=0.375, mf=1.000, rmse=78.44291, ema_rmse=none, selected=raw:78.44291
20/240| loss1=0.00521, latent=0.00214, mono=0.00004, recon=0.08240, smooth=0.10475, decor=0.17569, lf=0.400, mf=1.000, rmse=74.92090, ema_rmse=none, selected=raw:74.92090
21/240| loss1=0.00510, latent=0.00225, mono=0.00004, recon=0.08382, smooth=0.10250, decor=0.17756, lf=0.425, mf=1.000, rmse=74.30079, ema_rmse=none, selected=raw:74.30079
22/240| loss1=0.00511, latent=0.00233, mono=0.00004, recon=0.08448, smooth=0.10050, decor=0.17810, lf=0.450, mf=1.000, rmse=73.37444, ema_rmse=none, selected=raw:73.37444
23/240| loss1=0.00512, latent=0.00248, mono=0.00005, recon=0.08763, smooth=0.10002, decor=0.18218, lf=0.475, mf=1.000, rmse=67.44766, ema_rmse=none, selected=raw:67.44766
24/240| loss1=0.00494, latent=0.00261, mono=0.00005, recon=0.08927, smooth=0.10028, decor=0.18475, lf=0.500, mf=1.000, rmse=57.12075, ema_rmse=none, selected=raw:57.12075
eval_all_min=56.95577930981824 at epoch=24 from raw
25/240| loss1=0.00496, latent=0.00274, mono=0.00006, recon=0.09041, smooth=0.10076, decor=0.19240, lf=0.525, mf=1.000, rmse=51.91654, ema_rmse=none, selected=raw:51.91654
26/240| loss1=0.00488, latent=0.00290, mono=0.00006, recon=0.09102, smooth=0.09809, decor=0.19416, lf=0.550, mf=1.000, rmse=35.56000, ema_rmse=none, selected=raw:35.56000
min=35.56000488962615 at epoch=26 from raw
27/240| loss1=0.00498, latent=0.00304, mono=0.00006, recon=0.08977, smooth=0.09584, decor=0.19477, lf=0.575, mf=1.000, rmse=24.83730, ema_rmse=none, selected=raw:24.83730
min=24.837295852165823 at epoch=27 from raw
28/240| loss1=0.00482, latent=0.00307, mono=0.00005, recon=0.08359, smooth=0.09008, decor=0.19817, lf=0.600, mf=1.000, rmse=22.94096, ema_rmse=none, selected=raw:22.94096
min=22.940963626562684 at epoch=28 from raw
29/240| loss1=0.00478, latent=0.00312, mono=0.00004, recon=0.07987, smooth=0.08193, decor=0.20204, lf=0.625, mf=1.000, rmse=25.68288, ema_rmse=none, selected=raw:25.68288
eval_all_min=25.511930325452195 at epoch=29 from raw
30/240| loss1=0.00482, latent=0.00320, mono=0.00004, recon=0.07794, smooth=0.07729, decor=0.20183, lf=0.650, mf=1.000, rmse=25.25324, ema_rmse=none, selected=raw:25.25324
31/240| loss1=0.00468, latent=0.00322, mono=0.00004, recon=0.07414, smooth=0.07520, decor=0.19970, lf=0.675, mf=1.000, rmse=28.63722, ema_rmse=none, selected=raw:28.63722
32/240| loss1=0.00459, latent=0.00324, mono=0.00003, recon=0.07037, smooth=0.07388, decor=0.19848, lf=0.700, mf=1.000, rmse=29.92431, ema_rmse=none, selected=raw:29.92431
33/240| loss1=0.00474, latent=0.00330, mono=0.00003, recon=0.06817, smooth=0.07191, decor=0.19786, lf=0.725, mf=1.000, rmse=31.57209, ema_rmse=none, selected=raw:31.57209
34/240| loss1=0.00452, latent=0.00336, mono=0.00003, recon=0.06643, smooth=0.06995, decor=0.19793, lf=0.750, mf=1.000, rmse=32.41835, ema_rmse=none, selected=raw:32.41835
35/240| loss1=0.00455, latent=0.00345, mono=0.00003, recon=0.06613, smooth=0.06769, decor=0.19807, lf=0.775, mf=1.000, rmse=31.78020, ema_rmse=none, selected=raw:31.78020
36/240| loss1=0.00463, latent=0.00357, mono=0.00003, recon=0.06680, smooth=0.06589, decor=0.19857, lf=0.800, mf=1.000, rmse=28.79615, ema_rmse=none, selected=raw:28.79615
37/240| loss1=0.00456, latent=0.00366, mono=0.00003, recon=0.06692, smooth=0.06477, decor=0.19589, lf=0.825, mf=1.000, rmse=33.22549, ema_rmse=none, selected=raw:33.22549
38/240| loss1=0.00450, latent=0.00378, mono=0.00003, recon=0.06787, smooth=0.06269, decor=0.19661, lf=0.850, mf=1.000, rmse=33.17756, ema_rmse=none, selected=raw:33.17756
39/240| loss1=0.00449, latent=0.00391, mono=0.00003, recon=0.06857, smooth=0.06113, decor=0.19458, lf=0.875, mf=1.000, rmse=31.92737, ema_rmse=none, selected=raw:31.92737
40/240| loss1=0.00447, latent=0.00403, mono=0.00003, recon=0.06960, smooth=0.05976, decor=0.19195, lf=0.900, mf=1.000, rmse=33.67701, ema_rmse=none, selected=raw:33.67701
41/240| loss1=0.00444, latent=0.00418, mono=0.00003, recon=0.07099, smooth=0.05817, decor=0.18988, lf=0.925, mf=1.000, rmse=34.56978, ema_rmse=none, selected=raw:34.56978
42/240| loss1=0.00432, latent=0.00434, mono=0.00003, recon=0.07326, smooth=0.05660, decor=0.18640, lf=0.950, mf=1.000, rmse=35.69099, ema_rmse=none, selected=raw:35.69099
43/240| loss1=0.00434, latent=0.00438, mono=0.00002, recon=0.07325, smooth=0.05428, decor=0.17922, lf=0.975, mf=1.000, rmse=41.09224, ema_rmse=none, selected=raw:41.09224
44/240| loss1=0.00443, latent=0.00404, mono=0.00002, recon=0.06323, smooth=0.05136, decor=0.17059, lf=1.000, mf=1.000, rmse=46.25377, ema_rmse=none, selected=raw:46.25377
45/240| loss1=0.00430, latent=0.00362, mono=0.00002, recon=0.05360, smooth=0.04966, decor=0.16629, lf=1.000, mf=1.000, rmse=45.65365, ema_rmse=none, selected=raw:45.65365
46/240| loss1=0.00433, latent=0.00345, mono=0.00002, recon=0.05038, smooth=0.04867, decor=0.16316, lf=1.000, mf=1.000, rmse=46.98593, ema_rmse=none, selected=raw:46.98593
47/240| loss1=0.00440, latent=0.00337, mono=0.00002, recon=0.04878, smooth=0.04775, decor=0.16279, lf=1.000, mf=1.000, rmse=44.75758, ema_rmse=none, selected=raw:44.75758
48/240| loss1=0.00420, latent=0.00332, mono=0.00002, recon=0.04770, smooth=0.04733, decor=0.16295, lf=1.000, mf=1.000, rmse=44.75185, ema_rmse=none, selected=raw:44.75185
49/240| loss1=0.00425, latent=0.00326, mono=0.00002, recon=0.04661, smooth=0.04659, decor=0.16324, lf=1.000, mf=1.000, rmse=46.42756, ema_rmse=none, selected=raw:46.42756
50/240| loss1=0.00413, latent=0.00320, mono=0.00002, recon=0.04546, smooth=0.04594, decor=0.16344, lf=1.000, mf=1.000, rmse=45.48978, ema_rmse=none, selected=raw:45.48978
51/240| loss1=0.00424, latent=0.00318, mono=0.00002, recon=0.04519, smooth=0.04555, decor=0.16316, lf=1.000, mf=1.000, rmse=45.29619, ema_rmse=none, selected=raw:45.29619
52/240| loss1=0.00417, latent=0.00313, mono=0.00002, recon=0.04443, smooth=0.04535, decor=0.16203, lf=1.000, mf=1.000, rmse=45.90024, ema_rmse=none, selected=raw:45.90024
53/240| loss1=0.00413, latent=0.00306, mono=0.00002, recon=0.04340, smooth=0.04467, decor=0.16224, lf=1.000, mf=1.000, rmse=44.84271, ema_rmse=none, selected=raw:44.84271
54/240| loss1=0.00416, latent=0.00301, mono=0.00002, recon=0.04288, smooth=0.04454, decor=0.16027, lf=1.000, mf=1.000, rmse=43.20906, ema_rmse=none, selected=raw:43.20906
55/240| loss1=0.00405, latent=0.00293, mono=0.00002, recon=0.04190, smooth=0.04428, decor=0.16008, lf=1.000, mf=1.000, rmse=44.45799, ema_rmse=none, selected=raw:44.45799
56/240| loss1=0.00402, latent=0.00287, mono=0.00002, recon=0.04155, smooth=0.04445, decor=0.15896, lf=1.000, mf=1.000, rmse=43.85843, ema_rmse=none, selected=raw:43.85843
57/240| loss1=0.00399, latent=0.00283, mono=0.00002, recon=0.04124, smooth=0.04475, decor=0.16029, lf=1.000, mf=1.000, rmse=43.92706, ema_rmse=none, selected=raw:43.92706
58/240| loss1=0.00405, latent=0.00278, mono=0.00002, recon=0.04101, smooth=0.04516, decor=0.16083, lf=1.000, mf=1.000, rmse=42.39819, ema_rmse=none, selected=raw:42.39819
59/240| loss1=0.00393, latent=0.00268, mono=0.00002, recon=0.03978, smooth=0.04424, decor=0.16198, lf=1.000, mf=1.000, rmse=43.47814, ema_rmse=none, selected=raw:43.47814
60/240| loss1=0.00387, latent=0.00249, mono=0.00002, recon=0.03582, smooth=0.04106, decor=0.16764, lf=1.000, mf=1.000, rmse=43.90427, ema_rmse=none, selected=raw:43.90427
61/240| loss1=0.00395, latent=0.00225, mono=0.00002, recon=0.03161, smooth=0.03895, decor=0.16893, lf=1.000, mf=1.000, rmse=44.12292, ema_rmse=none, selected=raw:44.12292
62/240| loss1=0.00406, latent=0.00214, mono=0.00002, recon=0.02961, smooth=0.03696, decor=0.16406, lf=1.000, mf=1.000, rmse=42.86176, ema_rmse=none, selected=raw:42.86176
63/240| loss1=0.00390, latent=0.00204, mono=0.00002, recon=0.02793, smooth=0.03556, decor=0.16052, lf=1.000, mf=1.000, rmse=45.08651, ema_rmse=none, selected=raw:45.08651
64/240| loss1=0.00383, latent=0.00197, mono=0.00002, recon=0.02699, smooth=0.03462, decor=0.15732, lf=1.000, mf=1.000, rmse=45.27412, ema_rmse=none, selected=raw:45.27412
65/240| loss1=0.00379, latent=0.00194, mono=0.00002, recon=0.02645, smooth=0.03358, decor=0.15396, lf=1.000, mf=1.000, rmse=46.59823, ema_rmse=none, selected=raw:46.59823
66/240| loss1=0.00373, latent=0.00190, mono=0.00002, recon=0.02597, smooth=0.03294, decor=0.15092, lf=1.000, mf=1.000, rmse=47.32430, ema_rmse=none, selected=raw:47.32430
67/240| loss1=0.00375, latent=0.00186, mono=0.00001, recon=0.02536, smooth=0.03211, decor=0.14919, lf=1.000, mf=1.000, rmse=46.45581, ema_rmse=none, selected=raw:46.45581
68/240| loss1=0.00364, latent=0.00183, mono=0.00001, recon=0.02505, smooth=0.03179, decor=0.14636, lf=1.000, mf=1.000, rmse=46.96393, ema_rmse=none, selected=raw:46.96393
69/240| loss1=0.00366, latent=0.00181, mono=0.00001, recon=0.02488, smooth=0.03133, decor=0.14490, lf=1.000, mf=1.000, rmse=47.11538, ema_rmse=none, selected=raw:47.11538
70/240| loss1=0.00369, latent=0.00181, mono=0.00001, recon=0.02484, smooth=0.03106, decor=0.14335, lf=1.000, mf=1.000, rmse=47.37397, ema_rmse=none, selected=raw:47.37397
71/240| loss1=0.00358, latent=0.00177, mono=0.00001, recon=0.02423, smooth=0.03058, decor=0.14136, lf=1.000, mf=1.000, rmse=46.54960, ema_rmse=none, selected=raw:46.54960
72/240| loss1=0.00359, latent=0.00176, mono=0.00001, recon=0.02423, smooth=0.03050, decor=0.13828, lf=1.000, mf=1.000, rmse=46.96231, ema_rmse=none, selected=raw:46.96231
73/240| loss1=0.00355, latent=0.00176, mono=0.00001, recon=0.02450, smooth=0.03048, decor=0.13517, lf=1.000, mf=1.000, rmse=46.16464, ema_rmse=none, selected=raw:46.16464
74/240| loss1=0.00349, latent=0.00172, mono=0.00001, recon=0.02395, smooth=0.03032, decor=0.13395, lf=1.000, mf=1.000, rmse=44.91169, ema_rmse=none, selected=raw:44.91169
75/240| loss1=0.00353, latent=0.00172, mono=0.00001, recon=0.02403, smooth=0.03028, decor=0.13174, lf=1.000, mf=1.000, rmse=46.63785, ema_rmse=none, selected=raw:46.63785
76/240| loss1=0.00347, latent=0.00170, mono=0.00001, recon=0.02381, smooth=0.03020, decor=0.13003, lf=1.000, mf=1.000, rmse=46.92203, ema_rmse=none, selected=raw:46.92203
77/240| loss1=0.00352, latent=0.00168, mono=0.00001, recon=0.02361, smooth=0.03000, decor=0.12846, lf=1.000, mf=1.000, rmse=46.84862, ema_rmse=none, selected=raw:46.84862
78/240| loss1=0.00349, latent=0.00166, mono=0.00001, recon=0.02331, smooth=0.02947, decor=0.12732, lf=1.000, mf=1.000, rmse=46.80425, ema_rmse=none, selected=raw:46.80425
79/240| loss1=0.00350, latent=0.00166, mono=0.00001, recon=0.02335, smooth=0.02976, decor=0.12591, lf=1.000, mf=1.000, rmse=46.52874, ema_rmse=none, selected=raw:46.52874
80/240| loss1=0.00332, latent=0.00163, mono=0.00001, recon=0.02305, smooth=0.02965, decor=0.12431, lf=1.000, mf=1.000, rmse=46.59758, ema_rmse=none, selected=raw:46.59758
81/240| loss1=0.00324, latent=0.00162, mono=0.00001, recon=0.02277, smooth=0.02946, decor=0.12378, lf=1.000, mf=1.000, rmse=46.90273, ema_rmse=none, selected=raw:46.90273
82/240| loss1=0.00325, latent=0.00160, mono=0.00001, recon=0.02253, smooth=0.02918, decor=0.12384, lf=1.000, mf=1.000, rmse=46.84843, ema_rmse=none, selected=raw:46.84843
83/240| loss1=0.00329, latent=0.00160, mono=0.00001, recon=0.02266, smooth=0.02927, decor=0.12269, lf=1.000, mf=1.000, rmse=46.32690, ema_rmse=none, selected=raw:46.32690
84/240| loss1=0.00332, latent=0.00160, mono=0.00001, recon=0.02242, smooth=0.02898, decor=0.12200, lf=1.000, mf=1.000, rmse=46.67972, ema_rmse=none, selected=raw:46.67972
85/240| loss1=0.00323, latent=0.00158, mono=0.00001, recon=0.02236, smooth=0.02903, decor=0.12119, lf=1.000, mf=1.000, rmse=46.74407, ema_rmse=none, selected=raw:46.74407
86/240| loss1=0.00323, latent=0.00157, mono=0.00001, recon=0.02222, smooth=0.02889, decor=0.12031, lf=1.000, mf=1.000, rmse=46.35591, ema_rmse=none, selected=raw:46.35591
87/240| loss1=0.00318, latent=0.00156, mono=0.00001, recon=0.02188, smooth=0.02838, decor=0.12072, lf=1.000, mf=1.000, rmse=46.36601, ema_rmse=none, selected=raw:46.36601
88/240| loss1=0.00319, latent=0.00155, mono=0.00001, recon=0.02192, smooth=0.02842, decor=0.11935, lf=1.000, mf=1.000, rmse=46.48613, ema_rmse=none, selected=raw:46.48613
early stop at epoch 88: best_epoch=28, best_rmse=22.94096
final_all_target_rmse = 22.67656341501542
source=FD001, target=FD004, a=0.1, b=0.5, epochs=240, type=latent no-align, lr=0.001, scheduler=step, optimizer=adamw, weight_decay=0.0001, latent_dim=16, latent_weight=0.05, target_latent_weight=0.01, latent_ramp_epoch=40, latent_max_factor=1.0, mono_weight=0.02, target_mono_weight=0.005, ema_decay=0.0, patience=60, plateau_start_epoch=45, early_stop_start_epoch=80, validate_all_target=0, final_eval_all_target=1, eval_all_every=5, no source-target alignment
best = 22.940963626562684, best_epoch = 28, best_source = raw, train time = 1096.1736688874662
