logs saved to logs/train_FD001_to_FD003_type3_20260615-113119
source=FD001, target=FD003, a=0.1, b=0.5, epochs=240, type=latent no-align, lr=0.0007, scheduler=plateau, optimizer=adamw, weight_decay=0.0001, latent_dim=16, latent_weight=0.05, target_latent_weight=0.005, latent_ramp_epoch=40, latent_max_factor=0.6, mono_weight=0.02, target_mono_weight=0.005, ema_decay=0.995, patience=28, validate_all_target=1, no source-target alignment
validate_all_target=1, validation units=100
0/240| loss1=0.07334, latent=0.00000, mono=0.00001, recon=0.00000, smooth=0.00000, decor=0.00000, lf=0.000, mf=0.050, rmse=41.55597, ema_rmse=none, selected=raw:41.55597
min=41.55596819628158 at epoch=0 from raw
1/240| loss1=0.01655, latent=0.00000, mono=0.00001, recon=0.00000, smooth=0.00000, decor=0.00000, lf=0.000, mf=0.100, rmse=38.15845, ema_rmse=none, selected=raw:38.15845
min=38.15845021481913 at epoch=1 from raw
2/240| loss1=0.01265, latent=0.00000, mono=0.00001, recon=0.00000, smooth=0.00000, decor=0.00000, lf=0.000, mf=0.150, rmse=35.17637, ema_rmse=none, selected=raw:35.17637
min=35.17636607588595 at epoch=2 from raw
3/240| loss1=0.01072, latent=0.00000, mono=0.00001, recon=0.00000, smooth=0.00000, decor=0.00000, lf=0.000, mf=0.200, rmse=34.55466, ema_rmse=none, selected=raw:34.55466
min=34.554661977843 at epoch=3 from raw
4/240| loss1=0.00981, latent=0.00000, mono=0.00002, recon=0.00000, smooth=0.00000, decor=0.00000, lf=0.000, mf=0.250, rmse=36.64010, ema_rmse=none, selected=raw:36.64010
5/240| loss1=0.00909, latent=0.00071, mono=0.00002, recon=0.53402, smooth=0.06896, decor=0.37641, lf=0.025, mf=0.300, rmse=31.74435, ema_rmse=32.80604, selected=raw:31.74435
min=31.744354577865234 at epoch=5 from raw
6/240| loss1=0.00871, latent=0.00071, mono=0.00002, recon=0.29397, smooth=0.06614, decor=0.38632, lf=0.050, mf=0.350, rmse=31.48987, ema_rmse=32.05209, selected=raw:31.48987
min=31.48986800803549 at epoch=6 from raw
7/240| loss1=0.00852, latent=0.00099, mono=0.00002, recon=0.26957, smooth=0.06349, decor=0.38539, lf=0.075, mf=0.400, rmse=27.69840, ema_rmse=31.41185, selected=raw:27.69840
min=27.69840324477184 at epoch=7 from raw
8/240| loss1=0.00781, latent=0.00122, mono=0.00002, recon=0.24534, smooth=0.06361, decor=0.37035, lf=0.100, mf=0.450, rmse=29.58114, ema_rmse=30.77524, selected=raw:29.58114
9/240| loss1=0.00728, latent=0.00144, mono=0.00002, recon=0.22798, smooth=0.06498, decor=0.35120, lf=0.125, mf=0.500, rmse=28.70921, ema_rmse=30.26096, selected=raw:28.70921
10/240| loss1=0.00724, latent=0.00163, mono=0.00002, recon=0.21356, smooth=0.06822, decor=0.33205, lf=0.150, mf=0.550, rmse=29.11842, ema_rmse=30.14969, selected=raw:29.11842
11/240| loss1=0.00699, latent=0.00175, mono=0.00002, recon=0.19639, smooth=0.07312, decor=0.31065, lf=0.175, mf=0.600, rmse=31.34012, ema_rmse=30.38364, selected=ema:30.38364
12/240| loss1=0.00685, latent=0.00181, mono=0.00002, recon=0.17559, smooth=0.07852, decor=0.28995, lf=0.200, mf=0.650, rmse=32.61450, ema_rmse=29.84087, selected=ema:29.84087
13/240| loss1=0.00663, latent=0.00188, mono=0.00003, recon=0.16219, smooth=0.08272, decor=0.26993, lf=0.225, mf=0.700, rmse=29.40847, ema_rmse=30.09273, selected=raw:29.40847
14/240| loss1=0.00644, latent=0.00197, mono=0.00003, recon=0.15269, smooth=0.08681, decor=0.25510, lf=0.250, mf=0.750, rmse=32.34461, ema_rmse=30.43028, selected=ema:30.43028
plateau: lr 0.0007 -> 0.00035, restored_best=1
15/240| loss1=0.00772, latent=0.00335, mono=0.00004, recon=0.24582, smooth=0.06652, decor=0.35279, lf=0.275, mf=0.800, rmse=29.06224, ema_rmse=28.72622, selected=ema:28.72622
16/240| loss1=0.00766, latent=0.00343, mono=0.00004, recon=0.22617, smooth=0.07263, decor=0.31589, lf=0.300, mf=0.850, rmse=32.64368, ema_rmse=29.49396, selected=ema:29.49396
17/240| loss1=0.00748, latent=0.00353, mono=0.00004, recon=0.21205, smooth=0.07785, decor=0.29567, lf=0.325, mf=0.900, rmse=29.59587, ema_rmse=30.19121, selected=raw:29.59587
18/240| loss1=0.00719, latent=0.00354, mono=0.00004, recon=0.19539, smooth=0.08556, decor=0.27209, lf=0.350, mf=0.950, rmse=31.29210, ema_rmse=30.35817, selected=ema:30.35817
19/240| loss1=0.00707, latent=0.00337, mono=0.00004, recon=0.17309, smooth=0.09824, decor=0.24578, lf=0.375, mf=1.000, rmse=30.90412, ema_rmse=30.71522, selected=ema:30.71522
20/240| loss1=0.00693, latent=0.00329, mono=0.00004, recon=0.15770, smooth=0.10646, decor=0.22688, lf=0.400, mf=1.000, rmse=30.83606, ema_rmse=30.46556, selected=ema:30.46556
21/240| loss1=0.00683, latent=0.00327, mono=0.00004, recon=0.14670, smooth=0.11017, decor=0.21848, lf=0.425, mf=1.000, rmse=28.06081, ema_rmse=30.12760, selected=raw:28.06081
plateau: lr 0.00035 -> 0.000175, restored_best=1
22/240| loss1=0.00763, latent=0.00555, mono=0.00005, recon=0.24908, smooth=0.06838, decor=0.34758, lf=0.450, mf=1.000, rmse=29.45657, ema_rmse=28.95070, selected=ema:28.95070
23/240| loss1=0.00748, latent=0.00554, mono=0.00005, recon=0.23224, smooth=0.07703, decor=0.30364, lf=0.475, mf=1.000, rmse=32.03813, ema_rmse=29.98500, selected=ema:29.98500
24/240| loss1=0.00745, latent=0.00562, mono=0.00005, recon=0.21922, smooth=0.08260, decor=0.27994, lf=0.500, mf=1.000, rmse=32.91390, ema_rmse=30.81395, selected=ema:30.81395
25/240| loss1=0.00727, latent=0.00568, mono=0.00005, recon=0.20952, smooth=0.08753, decor=0.26030, lf=0.525, mf=1.000, rmse=32.02411, ema_rmse=31.21780, selected=ema:31.21780
26/240| loss1=0.00723, latent=0.00565, mono=0.00004, recon=0.19781, smooth=0.09605, decor=0.24103, lf=0.550, mf=1.000, rmse=31.62133, ema_rmse=31.30156, selected=ema:31.30156
27/240| loss1=0.00724, latent=0.00542, mono=0.00004, recon=0.18064, smooth=0.11131, decor=0.21950, lf=0.575, mf=1.000, rmse=31.21978, ema_rmse=31.21422, selected=ema:31.21422
28/240| loss1=0.00712, latent=0.00508, mono=0.00004, recon=0.16140, smooth=0.12536, decor=0.20251, lf=0.600, mf=1.000, rmse=30.09266, ema_rmse=30.70597, selected=raw:30.09266
plateau: lr 0.000175 -> 8.75e-05, restored_best=1
29/240| loss1=0.00762, latent=0.00750, mono=0.00005, recon=0.25263, smooth=0.06836, decor=0.35042, lf=0.600, mf=1.000, rmse=30.72472, ema_rmse=28.91501, selected=ema:28.91501
30/240| loss1=0.00748, latent=0.00721, mono=0.00005, recon=0.24103, smooth=0.07678, decor=0.30497, lf=0.600, mf=1.000, rmse=30.89019, ema_rmse=29.65930, selected=ema:29.65930
31/240| loss1=0.00735, latent=0.00700, mono=0.00005, recon=0.23108, smooth=0.08201, decor=0.28433, lf=0.600, mf=1.000, rmse=31.64978, ema_rmse=30.40526, selected=ema:30.40526
32/240| loss1=0.00738, latent=0.00682, mono=0.00005, recon=0.22166, smooth=0.08635, decor=0.26649, lf=0.600, mf=1.000, rmse=31.87217, ema_rmse=31.12203, selected=ema:31.12203
33/240| loss1=0.00725, latent=0.00668, mono=0.00005, recon=0.21532, smooth=0.08925, decor=0.25506, lf=0.600, mf=1.000, rmse=31.10996, ema_rmse=31.35795, selected=raw:31.10996
34/240| loss1=0.00725, latent=0.00657, mono=0.00005, recon=0.21090, smooth=0.09193, decor=0.24474, lf=0.600, mf=1.000, rmse=31.96097, ema_rmse=31.68288, selected=ema:31.68288
35/240| loss1=0.00736, latent=0.00642, mono=0.00005, recon=0.20578, smooth=0.09548, decor=0.23397, lf=0.600, mf=1.000, rmse=30.96364, ema_rmse=31.69047, selected=raw:30.96364
plateau: lr 8.75e-05 -> 4.375e-05, restored_best=1
early stop at epoch 35: best_epoch=7, best_rmse=27.69840
source=FD001, target=FD003, a=0.1, b=0.5, epochs=240, type=latent no-align, lr=0.0007, scheduler=plateau, optimizer=adamw, weight_decay=0.0001, latent_dim=16, latent_weight=0.05, target_latent_weight=0.005, latent_ramp_epoch=40, latent_max_factor=0.6, mono_weight=0.02, target_mono_weight=0.005, ema_decay=0.995, patience=28, validate_all_target=1, no source-target alignment
best = 27.69840324477184, best_epoch = 7, best_source = raw, train time = 386.35748367384076
