logs saved to logs/train_FD001_to_FD004_type3_20260615-135945
source=FD001, target=FD004, a=0.1, b=0.5, epochs=240, type=latent no-align, lr=0.001, scheduler=step, optimizer=adamw, weight_decay=0.0001, latent_dim=16, latent_split=1, deg_latent_dim=12, fault_latent_dim=4, latent_weight=0.05, target_latent_weight=0.01, latent_ramp_epoch=40, latent_max_factor=1.0, mono_weight=0.02, target_mono_weight=0.005, ema_decay=0.0, patience=60, plateau_start_epoch=45, early_stop_start_epoch=80, validate_all_target=0, final_eval_all_target=1, eval_all_every=5, eval_all_on_best=1, clip_rul=1, no source-target alignment
0/240| loss1=0.09201, latent=0.00000, mono=0.00001, recon=0.00000, smooth=0.00000, decor=0.00000, lf=0.000, mf=0.050, rmse=54.80538, ema_rmse=none, selected=raw:54.80538
min=54.80538039749776 at epoch=0 from raw
eval_all_min=54.59740459824081 at epoch=0 from raw
1/240| loss1=0.01644, latent=0.00000, mono=0.00002, recon=0.00000, smooth=0.00000, decor=0.00000, lf=0.000, mf=0.100, rmse=76.27822, ema_rmse=none, selected=raw:76.27822
2/240| loss1=0.01143, latent=0.00000, mono=0.00002, recon=0.00000, smooth=0.00000, decor=0.00000, lf=0.000, mf=0.150, rmse=65.68609, ema_rmse=none, selected=raw:65.68609
3/240| loss1=0.00982, latent=0.00000, mono=0.00002, recon=0.00000, smooth=0.00000, decor=0.00000, lf=0.000, mf=0.200, rmse=69.16537, ema_rmse=none, selected=raw:69.16537
4/240| loss1=0.00851, latent=0.00000, mono=0.00003, recon=0.00000, smooth=0.00000, decor=0.00000, lf=0.000, mf=0.250, rmse=57.80129, ema_rmse=none, selected=raw:57.80129
5/240| loss1=0.00806, latent=0.00064, mono=0.00003, recon=0.47097, smooth=0.07555, decor=0.33779, lf=0.025, mf=0.300, rmse=60.42405, ema_rmse=none, selected=raw:60.42405
6/240| loss1=0.00737, latent=0.00067, mono=0.00003, recon=0.23651, smooth=0.07256, decor=0.34498, lf=0.050, mf=0.350, rmse=63.21414, ema_rmse=none, selected=raw:63.21414
7/240| loss1=0.00693, latent=0.00091, mono=0.00003, recon=0.20668, smooth=0.07034, decor=0.29080, lf=0.075, mf=0.400, rmse=63.69433, ema_rmse=none, selected=raw:63.69433
8/240| loss1=0.00671, latent=0.00111, mono=0.00003, recon=0.18762, smooth=0.06997, decor=0.26400, lf=0.100, mf=0.450, rmse=64.84101, ema_rmse=none, selected=raw:64.84101
9/240| loss1=0.00644, latent=0.00125, mono=0.00003, recon=0.16644, smooth=0.07173, decor=0.21234, lf=0.125, mf=0.500, rmse=69.76457, ema_rmse=none, selected=raw:69.76457
10/240| loss1=0.00618, latent=0.00134, mono=0.00003, recon=0.14566, smooth=0.07574, decor=0.15950, lf=0.150, mf=0.550, rmse=70.99036, ema_rmse=none, selected=raw:70.99036
11/240| loss1=0.00598, latent=0.00142, mono=0.00003, recon=0.12809, smooth=0.08006, decor=0.12672, lf=0.175, mf=0.600, rmse=73.54343, ema_rmse=none, selected=raw:73.54343
12/240| loss1=0.00592, latent=0.00150, mono=0.00003, recon=0.11792, smooth=0.08532, decor=0.09942, lf=0.200, mf=0.650, rmse=74.16013, ema_rmse=none, selected=raw:74.16013
13/240| loss1=0.00583, latent=0.00157, mono=0.00003, recon=0.10903, smooth=0.08857, decor=0.07134, lf=0.225, mf=0.700, rmse=74.32797, ema_rmse=none, selected=raw:74.32797
14/240| loss1=0.00562, latent=0.00161, mono=0.00003, recon=0.10144, smooth=0.08865, decor=0.05449, lf=0.250, mf=0.750, rmse=72.54131, ema_rmse=none, selected=raw:72.54131
15/240| loss1=0.00543, latent=0.00168, mono=0.00003, recon=0.09570, smooth=0.08870, decor=0.04404, lf=0.275, mf=0.800, rmse=77.84292, ema_rmse=none, selected=raw:77.84292
16/240| loss1=0.00539, latent=0.00172, mono=0.00003, recon=0.08845, smooth=0.08859, decor=0.03540, lf=0.300, mf=0.850, rmse=76.85778, ema_rmse=none, selected=raw:76.85778
17/240| loss1=0.00517, latent=0.00177, mono=0.00003, recon=0.08377, smooth=0.08791, decor=0.03130, lf=0.325, mf=0.900, rmse=76.23832, ema_rmse=none, selected=raw:76.23832
18/240| loss1=0.00539, latent=0.00185, mono=0.00003, recon=0.08250, smooth=0.08616, decor=0.02885, lf=0.350, mf=0.950, rmse=80.75954, ema_rmse=none, selected=raw:80.75954
19/240| loss1=0.00530, latent=0.00193, mono=0.00003, recon=0.08057, smooth=0.08314, decor=0.02683, lf=0.375, mf=1.000, rmse=79.86695, ema_rmse=none, selected=raw:79.86695
20/240| loss1=0.00505, latent=0.00202, mono=0.00003, recon=0.07990, smooth=0.08107, decor=0.02558, lf=0.400, mf=1.000, rmse=78.40921, ema_rmse=none, selected=raw:78.40921
21/240| loss1=0.00505, latent=0.00211, mono=0.00003, recon=0.07904, smooth=0.07829, decor=0.02461, lf=0.425, mf=1.000, rmse=78.46335, ema_rmse=none, selected=raw:78.46335
22/240| loss1=0.00484, latent=0.00220, mono=0.00003, recon=0.07835, smooth=0.07661, decor=0.02392, lf=0.450, mf=1.000, rmse=80.15613, ema_rmse=none, selected=raw:80.15613
23/240| loss1=0.00494, latent=0.00232, mono=0.00003, recon=0.07952, smooth=0.07556, decor=0.02334, lf=0.475, mf=1.000, rmse=75.20842, ema_rmse=none, selected=raw:75.20842
24/240| loss1=0.00487, latent=0.00240, mono=0.00003, recon=0.07852, smooth=0.07387, decor=0.02302, lf=0.500, mf=1.000, rmse=76.86843, ema_rmse=none, selected=raw:76.86843
25/240| loss1=0.00489, latent=0.00247, mono=0.00003, recon=0.07689, smooth=0.07147, decor=0.02457, lf=0.525, mf=1.000, rmse=76.24271, ema_rmse=none, selected=raw:76.24271
26/240| loss1=0.00476, latent=0.00252, mono=0.00002, recon=0.07308, smooth=0.06930, decor=0.02862, lf=0.550, mf=1.000, rmse=77.86633, ema_rmse=none, selected=raw:77.86633
27/240| loss1=0.00469, latent=0.00256, mono=0.00002, recon=0.07013, smooth=0.06376, decor=0.03088, lf=0.575, mf=1.000, rmse=79.21027, ema_rmse=none, selected=raw:79.21027
28/240| loss1=0.00467, latent=0.00267, mono=0.00002, recon=0.07003, smooth=0.05869, decor=0.02967, lf=0.600, mf=1.000, rmse=78.88068, ema_rmse=none, selected=raw:78.88068
29/240| loss1=0.00468, latent=0.00278, mono=0.00002, recon=0.07091, smooth=0.05645, decor=0.02756, lf=0.625, mf=1.000, rmse=77.22092, ema_rmse=none, selected=raw:77.22092
30/240| loss1=0.00467, latent=0.00292, mono=0.00002, recon=0.07193, smooth=0.05596, decor=0.02577, lf=0.650, mf=1.000, rmse=78.79508, ema_rmse=none, selected=raw:78.79508
31/240| loss1=0.00468, latent=0.00300, mono=0.00002, recon=0.07055, smooth=0.05563, decor=0.02488, lf=0.675, mf=1.000, rmse=79.33915, ema_rmse=none, selected=raw:79.33915
32/240| loss1=0.00461, latent=0.00307, mono=0.00002, recon=0.06947, smooth=0.05460, decor=0.02380, lf=0.700, mf=1.000, rmse=76.50945, ema_rmse=none, selected=raw:76.50945
33/240| loss1=0.00442, latent=0.00311, mono=0.00002, recon=0.06796, smooth=0.05400, decor=0.02276, lf=0.725, mf=1.000, rmse=78.04299, ema_rmse=none, selected=raw:78.04299
34/240| loss1=0.00454, latent=0.00317, mono=0.00002, recon=0.06662, smooth=0.05273, decor=0.02281, lf=0.750, mf=1.000, rmse=77.53851, ema_rmse=none, selected=raw:77.53851
35/240| loss1=0.00448, latent=0.00325, mono=0.00002, recon=0.06586, smooth=0.05165, decor=0.02200, lf=0.775, mf=1.000, rmse=78.17684, ema_rmse=none, selected=raw:78.17684
36/240| loss1=0.00444, latent=0.00333, mono=0.00002, recon=0.06464, smooth=0.05038, decor=0.02165, lf=0.800, mf=1.000, rmse=78.93865, ema_rmse=none, selected=raw:78.93865
37/240| loss1=0.00443, latent=0.00341, mono=0.00002, recon=0.06385, smooth=0.04886, decor=0.02127, lf=0.825, mf=1.000, rmse=79.59078, ema_rmse=none, selected=raw:79.59078
38/240| loss1=0.00437, latent=0.00351, mono=0.00002, recon=0.06298, smooth=0.04732, decor=0.02073, lf=0.850, mf=1.000, rmse=79.21856, ema_rmse=none, selected=raw:79.21856
39/240| loss1=0.00435, latent=0.00364, mono=0.00002, recon=0.06315, smooth=0.04615, decor=0.02058, lf=0.875, mf=1.000, rmse=78.38174, ema_rmse=none, selected=raw:78.38174
40/240| loss1=0.00444, latent=0.00379, mono=0.00002, recon=0.06355, smooth=0.04531, decor=0.02097, lf=0.900, mf=1.000, rmse=79.72743, ema_rmse=none, selected=raw:79.72743
41/240| loss1=0.00434, latent=0.00384, mono=0.00002, recon=0.06329, smooth=0.04597, decor=0.02015, lf=0.925, mf=1.000, rmse=78.47772, ema_rmse=none, selected=raw:78.47772
42/240| loss1=0.00427, latent=0.00391, mono=0.00002, recon=0.06267, smooth=0.04513, decor=0.01950, lf=0.950, mf=1.000, rmse=78.95064, ema_rmse=none, selected=raw:78.95064
43/240| loss1=0.00430, latent=0.00393, mono=0.00002, recon=0.06131, smooth=0.04477, decor=0.01922, lf=0.975, mf=1.000, rmse=77.73674, ema_rmse=none, selected=raw:77.73674
44/240| loss1=0.00427, latent=0.00389, mono=0.00002, recon=0.05935, smooth=0.04457, decor=0.01926, lf=1.000, mf=1.000, rmse=77.72740, ema_rmse=none, selected=raw:77.72740
45/240| loss1=0.00427, latent=0.00375, mono=0.00002, recon=0.05719, smooth=0.04417, decor=0.01960, lf=1.000, mf=1.000, rmse=79.49463, ema_rmse=none, selected=raw:79.49463
46/240| loss1=0.00428, latent=0.00369, mono=0.00002, recon=0.05663, smooth=0.04457, decor=0.01902, lf=1.000, mf=1.000, rmse=75.39603, ema_rmse=none, selected=raw:75.39603
47/240| loss1=0.00425, latent=0.00361, mono=0.00002, recon=0.05561, smooth=0.04468, decor=0.01836, lf=1.000, mf=1.000, rmse=75.19163, ema_rmse=none, selected=raw:75.19163
48/240| loss1=0.00421, latent=0.00356, mono=0.00002, recon=0.05484, smooth=0.04501, decor=0.01764, lf=1.000, mf=1.000, rmse=77.86437, ema_rmse=none, selected=raw:77.86437
49/240| loss1=0.00435, latent=0.00351, mono=0.00002, recon=0.05467, smooth=0.04523, decor=0.01732, lf=1.000, mf=1.000, rmse=77.69725, ema_rmse=none, selected=raw:77.69725
50/240| loss1=0.00423, latent=0.00349, mono=0.00002, recon=0.05496, smooth=0.04563, decor=0.01777, lf=1.000, mf=1.000, rmse=75.74852, ema_rmse=none, selected=raw:75.74852
51/240| loss1=0.00404, latent=0.00344, mono=0.00002, recon=0.05434, smooth=0.04586, decor=0.01887, lf=1.000, mf=1.000, rmse=74.86985, ema_rmse=none, selected=raw:74.86985
52/240| loss1=0.00420, latent=0.00343, mono=0.00002, recon=0.05490, smooth=0.04600, decor=0.02104, lf=1.000, mf=1.000, rmse=74.29541, ema_rmse=none, selected=raw:74.29541
53/240| loss1=0.00407, latent=0.00342, mono=0.00002, recon=0.05498, smooth=0.04564, decor=0.02128, lf=1.000, mf=1.000, rmse=75.17472, ema_rmse=none, selected=raw:75.17472
54/240| loss1=0.00414, latent=0.00341, mono=0.00002, recon=0.05529, smooth=0.04481, decor=0.02142, lf=1.000, mf=1.000, rmse=74.54735, ema_rmse=none, selected=raw:74.54735
