logs saved to logs/train_FD001_to_FD003_type3_20260614-220105
source=FD001, target=FD003, a=0.1, b=0.5, epochs=240, type=latent no-align, lr=0.02, using scheduler, latent_dim=12, latent_weight=0.2, target_latent_weight=0.2, no source-target alignment
0/240| loss1=0.09050, latent=0.00000, recon=0.00000, smooth=0.00000, decor=0.00000, rmse=56.75054
min=56.750537968607574
1/240| loss1=0.06490, latent=0.00000, recon=0.00000, smooth=0.00000, decor=0.00000, rmse=46.41432
min=46.41431925823564
2/240| loss1=0.05509, latent=0.00000, recon=0.00000, smooth=0.00000, decor=0.00000, rmse=61.43510
3/240| loss1=0.04828, latent=0.00000, recon=0.00000, smooth=0.00000, decor=0.00000, rmse=60.03356
4/240| loss1=0.04323, latent=0.00000, recon=0.00000, smooth=0.00000, decor=0.00000, rmse=58.20855
5/240| loss1=0.04001, latent=0.42068, recon=1.03157, smooth=0.18817, decor=0.13176, rmse=57.88015
6/240| loss1=0.03817, latent=0.35373, recon=0.87130, smooth=0.11486, decor=0.15390, rmse=57.56783
7/240| loss1=0.03572, latent=0.28618, recon=0.70488, smooth=0.08858, decor=0.17090, rmse=53.87613
8/240| loss1=0.03323, latent=0.27551, recon=0.67800, smooth=0.08879, decor=0.18966, rmse=60.31873
9/240| loss1=0.03137, latent=0.28886, recon=0.70978, smooth=0.10259, decor=0.21117, rmse=62.45076
10/240| loss1=0.03027, latent=0.29604, recon=0.72577, smooth=0.12001, decor=0.23308, rmse=66.42323
11/240| loss1=0.02988, latent=0.29442, recon=0.71993, smooth=0.13659, decor=0.24652, rmse=69.79079
12/240| loss1=0.02942, latent=0.28670, recon=0.69921, smooth=0.15051, decor=0.24939, rmse=64.34944
13/240| loss1=0.02853, latent=0.27787, recon=0.67599, smooth=0.16295, decor=0.23831, rmse=61.14469
14/240| loss1=0.02767, latent=0.27088, recon=0.65782, smooth=0.17195, decor=0.21929, rmse=62.53847
15/240| loss1=0.02675, latent=0.26647, recon=0.64627, smooth=0.17930, decor=0.19776, rmse=62.94566
16/240| loss1=0.02655, latent=0.26455, recon=0.64064, smooth=0.18907, decor=0.18219, rmse=58.98223
17/240| loss1=0.02612, latent=0.26325, recon=0.63607, smooth=0.20296, decor=0.17522, rmse=55.63783
18/240| loss1=0.02611, latent=0.25996, recon=0.62613, smooth=0.21983, decor=0.17914, rmse=57.78100
19/240| loss1=0.02623, latent=0.25271, recon=0.60613, smooth=0.23740, decor=0.19096, rmse=58.21286
20/240| loss1=0.02630, latent=0.24151, recon=0.57673, smooth=0.25003, decor=0.20359, rmse=55.07290
21/240| loss1=0.02603, latent=0.22930, recon=0.54574, smooth=0.25430, decor=0.20859, rmse=56.08732
22/240| loss1=0.02553, latent=0.21940, recon=0.52148, smooth=0.24977, decor=0.20390, rmse=54.45149
23/240| loss1=0.02494, latent=0.21250, recon=0.50505, smooth=0.24248, decor=0.19394, rmse=50.70511
24/240| loss1=0.02476, latent=0.20754, recon=0.49355, smooth=0.23455, decor=0.18328, rmse=51.60072
25/240| loss1=0.02403, latent=0.20338, recon=0.48400, smooth=0.22700, decor=0.17424, rmse=49.28570
26/240| loss1=0.02372, latent=0.20008, recon=0.47637, smooth=0.22174, decor=0.16621, rmse=52.12308
27/240| loss1=0.02351, latent=0.19697, recon=0.46909, smooth=0.21733, decor=0.15897, rmse=49.49549
28/240| loss1=0.02317, latent=0.19463, recon=0.46354, smooth=0.21507, decor=0.15243, rmse=45.91518
min=45.91518216826335
29/240| loss1=0.02281, latent=0.19261, recon=0.45866, smooth=0.21404, decor=0.14615, rmse=48.19655
30/240| loss1=0.02248, latent=0.19131, recon=0.45539, smooth=0.21487, decor=0.14036, rmse=44.54180
min=44.541802975693564
31/240| loss1=0.02240, latent=0.19021, recon=0.45249, smooth=0.21699, decor=0.13512, rmse=45.22245
32/240| loss1=0.02224, latent=0.18928, recon=0.44983, smooth=0.22062, decor=0.13051, rmse=45.09118
33/240| loss1=0.02194, latent=0.18867, recon=0.44778, smooth=0.22624, decor=0.12666, rmse=43.40710
min=43.40709763382795
34/240| loss1=0.02166, latent=0.18796, recon=0.44531, smooth=0.23349, decor=0.12366, rmse=45.34965
35/240| loss1=0.02138, latent=0.18753, recon=0.44333, smooth=0.24286, decor=0.12121, rmse=40.60833
min=40.60832643730669
36/240| loss1=0.02154, latent=0.18688, recon=0.44073, smooth=0.25287, decor=0.11921, rmse=38.39259
min=38.392587759072555
37/240| loss1=0.02131, latent=0.18589, recon=0.43714, smooth=0.26398, decor=0.11777, rmse=42.87347
38/240| loss1=0.02126, latent=0.18473, recon=0.43313, smooth=0.27549, decor=0.11614, rmse=41.92142
39/240| loss1=0.02110, latent=0.18291, recon=0.42758, smooth=0.28535, decor=0.11459, rmse=42.65696
40/240| loss1=0.02089, latent=0.18076, recon=0.42136, smooth=0.29399, decor=0.11294, rmse=42.57987
41/240| loss1=0.02092, latent=0.17864, recon=0.41537, smooth=0.30109, decor=0.11116, rmse=39.28203
42/240| loss1=0.02070, latent=0.17631, recon=0.40915, smooth=0.30546, decor=0.10912, rmse=42.00437
43/240| loss1=0.02061, latent=0.17375, recon=0.40251, smooth=0.30798, decor=0.10715, rmse=39.67988
44/240| loss1=0.02040, latent=0.17161, recon=0.39711, smooth=0.30879, decor=0.10502, rmse=39.81019
45/240| loss1=0.02013, latent=0.16925, recon=0.39125, smooth=0.30850, decor=0.10284, rmse=41.31778
46/240| loss1=0.02004, latent=0.16714, recon=0.38604, smooth=0.30805, decor=0.10031, rmse=42.78608
47/240| loss1=0.02004, latent=0.16540, recon=0.38172, smooth=0.30805, decor=0.09777, rmse=34.26145
min=34.26145042427138
48/240| loss1=0.01981, latent=0.16334, recon=0.37664, smooth=0.30756, decor=0.09490, rmse=42.99877
49/240| loss1=0.01974, latent=0.16175, recon=0.37261, smooth=0.30848, decor=0.09189, rmse=38.72010
50/240| loss1=0.01962, latent=0.16016, recon=0.36842, smooth=0.31097, decor=0.08875, rmse=35.04400
51/240| loss1=0.01954, latent=0.15858, recon=0.36419, smooth=0.31409, decor=0.08524, rmse=37.41679
52/240| loss1=0.01942, latent=0.15717, recon=0.36017, smooth=0.31932, decor=0.08194, rmse=35.81049
53/240| loss1=0.01940, latent=0.15538, recon=0.35523, smooth=0.32434, decor=0.07895, rmse=39.02947
54/240| loss1=0.01916, latent=0.15373, recon=0.35046, smooth=0.33102, decor=0.07618, rmse=33.98082
min=33.98082223476579
55/240| loss1=0.01932, latent=0.15193, recon=0.34525, smooth=0.33825, decor=0.07386, rmse=32.94657
min=32.94657313290321
56/240| loss1=0.01924, latent=0.15014, recon=0.34021, smooth=0.34433, decor=0.07207, rmse=34.07940
57/240| loss1=0.01922, latent=0.14820, recon=0.33474, smooth=0.35047, decor=0.07063, rmse=35.62285
58/240| loss1=0.01908, latent=0.14615, recon=0.32915, smooth=0.35520, decor=0.06959, rmse=35.02736
59/240| loss1=0.01880, latent=0.14402, recon=0.32348, smooth=0.35889, decor=0.06857, rmse=37.31524
60/240| loss1=0.01873, latent=0.14183, recon=0.31786, smooth=0.36044, decor=0.06780, rmse=30.13173
min=30.13173204869247
61/240| loss1=0.01882, latent=0.13966, recon=0.31242, smooth=0.36068, decor=0.06714, rmse=34.11976
62/240| loss1=0.01895, latent=0.13781, recon=0.30783, smooth=0.36047, decor=0.06631, rmse=30.80241
63/240| loss1=0.01880, latent=0.13584, recon=0.30306, smooth=0.35867, decor=0.06577, rmse=33.61476
64/240| loss1=0.01841, latent=0.13396, recon=0.29864, smooth=0.35603, decor=0.06513, rmse=35.34713
65/240| loss1=0.01861, latent=0.13238, recon=0.29492, smooth=0.35382, decor=0.06438, rmse=35.28899
66/240| loss1=0.01843, latent=0.13084, recon=0.29135, smooth=0.35120, decor=0.06383, rmse=30.82542
67/240| loss1=0.01827, latent=0.12920, recon=0.28760, smooth=0.34757, decor=0.06357, rmse=29.98605
min=29.986052894682402
68/240| loss1=0.01811, latent=0.12761, recon=0.28406, smooth=0.34318, decor=0.06349, rmse=35.60318
69/240| loss1=0.01803, latent=0.12617, recon=0.28085, smooth=0.33937, decor=0.06356, rmse=33.43929
70/240| loss1=0.01811, latent=0.12472, recon=0.27772, smooth=0.33444, decor=0.06358, rmse=27.37224
min=27.372239669312798
71/240| loss1=0.01786, latent=0.12329, recon=0.27463, smooth=0.32961, decor=0.06375, rmse=29.98515
72/240| loss1=0.01769, latent=0.12206, recon=0.27200, smooth=0.32511, decor=0.06378, rmse=30.08374
73/240| loss1=0.01784, latent=0.12086, recon=0.26946, smooth=0.32044, decor=0.06395, rmse=30.71733
74/240| loss1=0.01760, latent=0.11965, recon=0.26693, smooth=0.31541, decor=0.06397, rmse=32.60801
75/240| loss1=0.01763, latent=0.11853, recon=0.26463, smooth=0.31064, decor=0.06415, rmse=30.91530
76/240| loss1=0.01740, latent=0.11740, recon=0.26224, smooth=0.30610, decor=0.06413, rmse=28.75953
77/240| loss1=0.01727, latent=0.11647, recon=0.26031, smooth=0.30231, decor=0.06415, rmse=34.14731
78/240| loss1=0.01735, latent=0.11550, recon=0.25829, smooth=0.29830, decor=0.06421, rmse=29.16575
79/240| loss1=0.01733, latent=0.11467, recon=0.25649, smooth=0.29543, decor=0.06409, rmse=29.18839
80/240| loss1=0.01717, latent=0.11400, recon=0.25506, smooth=0.29295, decor=0.06409, rmse=30.00717
81/240| loss1=0.01708, latent=0.11354, recon=0.25405, smooth=0.29166, decor=0.06420, rmse=30.75337
82/240| loss1=0.01682, latent=0.11338, recon=0.25372, smooth=0.29092, decor=0.06401, rmse=28.85458
83/240| loss1=0.01707, latent=0.11280, recon=0.25243, smooth=0.28927, decor=0.06406, rmse=30.38111
84/240| loss1=0.01694, latent=0.11259, recon=0.25196, smooth=0.28870, decor=0.06387, rmse=30.12821
85/240| loss1=0.01693, latent=0.11228, recon=0.25125, smooth=0.28808, decor=0.06379, rmse=30.05547
86/240| loss1=0.01681, latent=0.11180, recon=0.25019, smooth=0.28664, decor=0.06389, rmse=29.28709
87/240| loss1=0.01694, latent=0.11155, recon=0.24959, smooth=0.28656, decor=0.06378, rmse=29.81268
88/240| loss1=0.01705, latent=0.11107, recon=0.24852, smooth=0.28517, decor=0.06372, rmse=30.42771
89/240| loss1=0.01694, latent=0.11079, recon=0.24788, smooth=0.28471, decor=0.06372, rmse=28.89688
90/240| loss1=0.01680, latent=0.11037, recon=0.24689, smooth=0.28397, decor=0.06384, rmse=29.47007
91/240| loss1=0.01677, latent=0.11012, recon=0.24632, smooth=0.28342, decor=0.06372, rmse=28.60906
92/240| loss1=0.01673, latent=0.10969, recon=0.24534, smooth=0.28253, decor=0.06362, rmse=30.45536
93/240| loss1=0.01675, latent=0.10936, recon=0.24457, smooth=0.28208, decor=0.06356, rmse=30.59228
94/240| loss1=0.01675, latent=0.10913, recon=0.24398, smooth=0.28198, decor=0.06359, rmse=29.65789
95/240| loss1=0.01687, latent=0.10868, recon=0.24293, smooth=0.28133, decor=0.06361, rmse=28.07381
96/240| loss1=0.01657, latent=0.10830, recon=0.24200, smooth=0.28103, decor=0.06354, rmse=29.41095
97/240| loss1=0.01667, latent=0.10796, recon=0.24119, smooth=0.28074, decor=0.06354, rmse=31.62001
98/240| loss1=0.01647, latent=0.10775, recon=0.24065, smooth=0.28092, decor=0.06350, rmse=30.26611
99/240| loss1=0.01652, latent=0.10739, recon=0.23982, smooth=0.28034, decor=0.06340, rmse=30.45569
100/240| loss1=0.01644, latent=0.10697, recon=0.23879, smooth=0.27992, decor=0.06356, rmse=29.68537
101/240| loss1=0.01657, latent=0.10661, recon=0.23792, smooth=0.27969, decor=0.06344, rmse=30.03582
102/240| loss1=0.01655, latent=0.10635, recon=0.23728, smooth=0.27974, decor=0.06342, rmse=29.59553
103/240| loss1=0.01632, latent=0.10606, recon=0.23655, smooth=0.27972, decor=0.06328, rmse=28.45562
104/240| loss1=0.01636, latent=0.10575, recon=0.23581, smooth=0.27918, decor=0.06350, rmse=27.48693
105/240| loss1=0.01632, latent=0.10532, recon=0.23483, smooth=0.27842, decor=0.06335, rmse=30.49355
106/240| loss1=0.01647, latent=0.10502, recon=0.23412, smooth=0.27806, decor=0.06352, rmse=29.63409
107/240| loss1=0.01624, latent=0.10464, recon=0.23322, smooth=0.27745, decor=0.06358, rmse=28.85228
108/240| loss1=0.01640, latent=0.10417, recon=0.23214, smooth=0.27641, decor=0.06370, rmse=30.81548
109/240| loss1=0.01631, latent=0.10400, recon=0.23173, smooth=0.27646, decor=0.06349, rmse=29.21994
110/240| loss1=0.01610, latent=0.10361, recon=0.23085, smooth=0.27548, decor=0.06369, rmse=30.04933
111/240| loss1=0.01641, latent=0.10327, recon=0.23005, smooth=0.27500, decor=0.06370, rmse=28.98337
112/240| loss1=0.01604, latent=0.10305, recon=0.22953, smooth=0.27462, decor=0.06369, rmse=28.97255
113/240| loss1=0.01609, latent=0.10271, recon=0.22876, smooth=0.27395, decor=0.06371, rmse=28.22592
114/240| loss1=0.01620, latent=0.10243, recon=0.22814, smooth=0.27303, decor=0.06400, rmse=29.42767
115/240| loss1=0.01619, latent=0.10221, recon=0.22763, smooth=0.27255, decor=0.06380, rmse=28.62501
116/240| loss1=0.01604, latent=0.10193, recon=0.22700, smooth=0.27177, decor=0.06404, rmse=28.84226
117/240| loss1=0.01616, latent=0.10159, recon=0.22626, smooth=0.27075, decor=0.06405, rmse=29.69015
118/240| loss1=0.01613, latent=0.10135, recon=0.22576, smooth=0.26984, decor=0.06406, rmse=30.27714
119/240| loss1=0.01605, latent=0.10107, recon=0.22516, smooth=0.26884, decor=0.06424, rmse=29.39235
120/240| loss1=0.01608, latent=0.10073, recon=0.22440, smooth=0.26776, decor=0.06434, rmse=29.56050
121/240| loss1=0.01592, latent=0.10055, recon=0.22406, smooth=0.26675, decor=0.06437, rmse=28.27164
122/240| loss1=0.01618, latent=0.10021, recon=0.22334, smooth=0.26548, decor=0.06461, rmse=28.80602
123/240| loss1=0.01596, latent=0.10000, recon=0.22288, smooth=0.26466, decor=0.06445, rmse=30.04561
124/240| loss1=0.01595, latent=0.09972, recon=0.22233, smooth=0.26328, decor=0.06480, rmse=28.85922
125/240| loss1=0.01593, latent=0.09948, recon=0.22182, smooth=0.26241, decor=0.06459, rmse=29.59339
126/240| loss1=0.01576, latent=0.09925, recon=0.22136, smooth=0.26111, decor=0.06480, rmse=28.01528
127/240| loss1=0.01588, latent=0.09903, recon=0.22093, smooth=0.25988, decor=0.06486, rmse=30.43161
128/240| loss1=0.01571, latent=0.09888, recon=0.22063, smooth=0.25938, decor=0.06478, rmse=28.18984
129/240| loss1=0.01580, latent=0.09854, recon=0.21993, smooth=0.25764, decor=0.06509, rmse=29.98328
130/240| loss1=0.01577, latent=0.09843, recon=0.21972, smooth=0.25712, decor=0.06508, rmse=29.59006
131/240| loss1=0.01577, latent=0.09806, recon=0.21899, smooth=0.25516, decor=0.06548, rmse=30.42254
132/240| loss1=0.01578, latent=0.09784, recon=0.21850, smooth=0.25434, decor=0.06548, rmse=29.98323
133/240| loss1=0.01553, latent=0.09763, recon=0.21807, smooth=0.25336, decor=0.06546, rmse=31.33926
134/240| loss1=0.01575, latent=0.09755, recon=0.21795, smooth=0.25270, decor=0.06541, rmse=29.32490
135/240| loss1=0.01566, latent=0.09716, recon=0.21716, smooth=0.25091, decor=0.06573, rmse=28.02105
136/240| loss1=0.01562, latent=0.09706, recon=0.21697, smooth=0.25017, decor=0.06566, rmse=28.81715
137/240| loss1=0.01538, latent=0.09690, recon=0.21665, smooth=0.24934, decor=0.06574, rmse=29.15918
138/240| loss1=0.01562, latent=0.09657, recon=0.21597, smooth=0.24798, decor=0.06584, rmse=29.25714
139/240| loss1=0.01565, latent=0.09636, recon=0.21557, smooth=0.24681, decor=0.06599, rmse=29.09673
140/240| loss1=0.01566, latent=0.09621, recon=0.21524, smooth=0.24621, decor=0.06594, rmse=28.24153
141/240| loss1=0.01550, latent=0.09601, recon=0.21482, smooth=0.24539, decor=0.06575, rmse=30.17367
142/240| loss1=0.01540, latent=0.09577, recon=0.21435, smooth=0.24410, decor=0.06606, rmse=26.20779
min=26.207786060601805
143/240| loss1=0.01548, latent=0.09560, recon=0.21401, smooth=0.24316, decor=0.06610, rmse=28.71131
144/240| loss1=0.01541, latent=0.09545, recon=0.21374, smooth=0.24221, decor=0.06620, rmse=28.77212
145/240| loss1=0.01535, latent=0.09523, recon=0.21326, smooth=0.24150, decor=0.06616, rmse=28.95182
146/240| loss1=0.01559, latent=0.09507, recon=0.21294, smooth=0.24075, decor=0.06618, rmse=27.86383
147/240| loss1=0.01539, latent=0.09494, recon=0.21269, smooth=0.23996, decor=0.06614, rmse=27.29846
148/240| loss1=0.01531, latent=0.09478, recon=0.21237, smooth=0.23908, decor=0.06630, rmse=27.40186
149/240| loss1=0.01549, latent=0.09448, recon=0.21172, smooth=0.23816, decor=0.06628, rmse=28.64848
150/240| loss1=0.01532, latent=0.09438, recon=0.21154, smooth=0.23747, decor=0.06618, rmse=27.80588
151/240| loss1=0.01528, latent=0.09420, recon=0.21119, smooth=0.23638, decor=0.06633, rmse=28.23284
152/240| loss1=0.01528, latent=0.09420, recon=0.21122, smooth=0.23613, decor=0.06625, rmse=28.75826
153/240| loss1=0.01527, latent=0.09397, recon=0.21072, smooth=0.23552, decor=0.06623, rmse=29.99348
154/240| loss1=0.01513, latent=0.09384, recon=0.21045, smooth=0.23487, decor=0.06610, rmse=27.31806
155/240| loss1=0.01523, latent=0.09368, recon=0.21013, smooth=0.23404, decor=0.06618, rmse=28.67526
156/240| loss1=0.01532, latent=0.09349, recon=0.20976, smooth=0.23306, decor=0.06614, rmse=27.91377
157/240| loss1=0.01528, latent=0.09339, recon=0.20955, smooth=0.23254, decor=0.06607, rmse=29.16702
158/240| loss1=0.01523, latent=0.09324, recon=0.20924, smooth=0.23196, decor=0.06601, rmse=27.10060
159/240| loss1=0.01502, latent=0.09302, recon=0.20878, smooth=0.23110, decor=0.06583, rmse=28.19121
160/240| loss1=0.01504, latent=0.09299, recon=0.20873, smooth=0.23077, decor=0.06586, rmse=27.01583
161/240| loss1=0.01505, latent=0.09284, recon=0.20840, smooth=0.23034, decor=0.06593, rmse=28.42605
162/240| loss1=0.01505, latent=0.09283, recon=0.20842, smooth=0.22993, decor=0.06597, rmse=28.43791
163/240| loss1=0.01492, latent=0.09274, recon=0.20820, smooth=0.22985, decor=0.06572, rmse=27.53664
164/240| loss1=0.01505, latent=0.09266, recon=0.20805, smooth=0.22959, decor=0.06581, rmse=28.57451
165/240| loss1=0.01501, latent=0.09257, recon=0.20785, smooth=0.22909, decor=0.06586, rmse=28.21821
166/240| loss1=0.01496, latent=0.09251, recon=0.20771, smooth=0.22909, decor=0.06580, rmse=28.06255
167/240| loss1=0.01507, latent=0.09247, recon=0.20764, smooth=0.22890, decor=0.06546, rmse=27.39842
168/240| loss1=0.01489, latent=0.09238, recon=0.20746, smooth=0.22829, decor=0.06565, rmse=27.34507
169/240| loss1=0.01506, latent=0.09231, recon=0.20729, smooth=0.22819, decor=0.06569, rmse=27.68787
170/240| loss1=0.01484, latent=0.09220, recon=0.20709, smooth=0.22754, decor=0.06573, rmse=28.46464
171/240| loss1=0.01494, latent=0.09220, recon=0.20707, smooth=0.22770, decor=0.06563, rmse=28.95403
172/240| loss1=0.01490, latent=0.09203, recon=0.20673, smooth=0.22704, decor=0.06565, rmse=28.54404
173/240| loss1=0.01486, latent=0.09200, recon=0.20665, smooth=0.22693, decor=0.06537, rmse=27.31272
174/240| loss1=0.01493, latent=0.09189, recon=0.20642, smooth=0.22664, decor=0.06537, rmse=27.10740
175/240| loss1=0.01500, latent=0.09178, recon=0.20619, smooth=0.22621, decor=0.06536, rmse=28.07585
176/240| loss1=0.01497, latent=0.09167, recon=0.20594, smooth=0.22574, decor=0.06548, rmse=28.52746
177/240| loss1=0.01497, latent=0.09171, recon=0.20602, smooth=0.22594, decor=0.06526, rmse=27.53906
178/240| loss1=0.01470, latent=0.09169, recon=0.20600, smooth=0.22580, decor=0.06522, rmse=28.48850
179/240| loss1=0.01488, latent=0.09162, recon=0.20585, smooth=0.22550, decor=0.06529, rmse=27.61109
180/240| loss1=0.01488, latent=0.09148, recon=0.20552, smooth=0.22530, decor=0.06528, rmse=27.90878
181/240| loss1=0.01497, latent=0.09152, recon=0.20564, smooth=0.22517, decor=0.06512, rmse=27.63475
182/240| loss1=0.01475, latent=0.09137, recon=0.20529, smooth=0.22478, decor=0.06521, rmse=27.89924
183/240| loss1=0.01483, latent=0.09133, recon=0.20520, smooth=0.22463, decor=0.06503, rmse=27.99116
184/240| loss1=0.01486, latent=0.09115, recon=0.20483, smooth=0.22389, decor=0.06501, rmse=28.30260
185/240| loss1=0.01481, latent=0.09119, recon=0.20489, smooth=0.22429, decor=0.06490, rmse=28.33324
186/240| loss1=0.01488, latent=0.09111, recon=0.20473, smooth=0.22391, decor=0.06483, rmse=28.44816
187/240| loss1=0.01482, latent=0.09097, recon=0.20445, smooth=0.22340, decor=0.06479, rmse=27.44839
188/240| loss1=0.01493, latent=0.09090, recon=0.20428, smooth=0.22322, decor=0.06478, rmse=27.44699
189/240| loss1=0.01476, latent=0.09086, recon=0.20420, smooth=0.22307, decor=0.06469, rmse=28.25856
190/240| loss1=0.01462, latent=0.09088, recon=0.20427, smooth=0.22286, decor=0.06454, rmse=28.55368
191/240| loss1=0.01480, latent=0.09072, recon=0.20388, smooth=0.22267, decor=0.06453, rmse=27.52473
192/240| loss1=0.01457, latent=0.09074, recon=0.20394, smooth=0.22268, decor=0.06459, rmse=27.14399
193/240| loss1=0.01472, latent=0.09062, recon=0.20368, smooth=0.22237, decor=0.06435, rmse=28.20670
194/240| loss1=0.01473, latent=0.09057, recon=0.20358, smooth=0.22202, decor=0.06450, rmse=27.39018
195/240| loss1=0.01471, latent=0.09050, recon=0.20341, smooth=0.22198, decor=0.06443, rmse=27.49148
196/240| loss1=0.01469, latent=0.09037, recon=0.20312, smooth=0.22153, decor=0.06428, rmse=26.71379
197/240| loss1=0.01471, latent=0.09033, recon=0.20303, smooth=0.22152, decor=0.06439, rmse=28.12575
198/240| loss1=0.01473, latent=0.09026, recon=0.20284, smooth=0.22163, decor=0.06411, rmse=27.84033
199/240| loss1=0.01469, latent=0.09020, recon=0.20274, smooth=0.22128, decor=0.06415, rmse=28.07076
200/240| loss1=0.01475, latent=0.09008, recon=0.20249, smooth=0.22077, decor=0.06419, rmse=27.15790
201/240| loss1=0.01470, latent=0.09009, recon=0.20246, smooth=0.22111, decor=0.06400, rmse=28.74846
202/240| loss1=0.01461, latent=0.08997, recon=0.20222, smooth=0.22071, decor=0.06404, rmse=27.37706
203/240| loss1=0.01473, latent=0.09000, recon=0.20229, smooth=0.22076, decor=0.06386, rmse=27.79889
204/240| loss1=0.01474, latent=0.08988, recon=0.20201, smooth=0.22062, decor=0.06378, rmse=27.95792
205/240| loss1=0.01483, latent=0.08981, recon=0.20185, smooth=0.22047, decor=0.06370, rmse=28.07870
206/240| loss1=0.01486, latent=0.08972, recon=0.20165, smooth=0.22010, decor=0.06377, rmse=27.92987
207/240| loss1=0.01443, latent=0.08976, recon=0.20174, smooth=0.22039, decor=0.06368, rmse=27.57613
208/240| loss1=0.01463, latent=0.08967, recon=0.20155, smooth=0.21991, decor=0.06359, rmse=27.55314
209/240| loss1=0.01455, latent=0.08961, recon=0.20138, smooth=0.22007, decor=0.06352, rmse=28.04111
210/240| loss1=0.01463, latent=0.08952, recon=0.20119, smooth=0.21983, decor=0.06346, rmse=27.32418
211/240| loss1=0.01451, latent=0.08943, recon=0.20098, smooth=0.21975, decor=0.06349, rmse=27.46432
212/240| loss1=0.01455, latent=0.08933, recon=0.20075, smooth=0.21941, decor=0.06340, rmse=27.85676
213/240| loss1=0.01451, latent=0.08931, recon=0.20069, smooth=0.21943, decor=0.06339, rmse=26.82622
214/240| loss1=0.01447, latent=0.08926, recon=0.20059, smooth=0.21916, decor=0.06357, rmse=28.15604
215/240| loss1=0.01446, latent=0.08918, recon=0.20037, smooth=0.21942, decor=0.06320, rmse=27.67807
216/240| loss1=0.01470, latent=0.08915, recon=0.20031, smooth=0.21929, decor=0.06304, rmse=28.28131
217/240| loss1=0.01434, latent=0.08909, recon=0.20018, smooth=0.21902, decor=0.06323, rmse=27.13412
218/240| loss1=0.01464, latent=0.08893, recon=0.19980, smooth=0.21887, decor=0.06318, rmse=27.96459
219/240| loss1=0.01466, latent=0.08892, recon=0.19976, smooth=0.21900, decor=0.06300, rmse=27.41924
220/240| loss1=0.01458, latent=0.08881, recon=0.19952, smooth=0.21886, decor=0.06292, rmse=27.26393
221/240| loss1=0.01457, latent=0.08875, recon=0.19939, smooth=0.21866, decor=0.06285, rmse=27.80410
222/240| loss1=0.01462, latent=0.08872, recon=0.19931, smooth=0.21855, decor=0.06291, rmse=26.96793
223/240| loss1=0.01450, latent=0.08865, recon=0.19916, smooth=0.21846, decor=0.06286, rmse=27.69187
224/240| loss1=0.01445, latent=0.08854, recon=0.19889, smooth=0.21834, decor=0.06286, rmse=27.51283
225/240| loss1=0.01437, latent=0.08856, recon=0.19894, smooth=0.21848, decor=0.06271, rmse=28.38163
226/240| loss1=0.01445, latent=0.08844, recon=0.19866, smooth=0.21822, decor=0.06273, rmse=27.64918
227/240| loss1=0.01464, latent=0.08830, recon=0.19833, smooth=0.21793, decor=0.06280, rmse=28.16236
228/240| loss1=0.01450, latent=0.08833, recon=0.19838, smooth=0.21826, decor=0.06263, rmse=26.85272
229/240| loss1=0.01445, latent=0.08819, recon=0.19804, smooth=0.21811, decor=0.06255, rmse=26.86093
230/240| loss1=0.01452, latent=0.08816, recon=0.19798, smooth=0.21783, decor=0.06252, rmse=27.58825
231/240| loss1=0.01450, latent=0.08804, recon=0.19768, smooth=0.21787, decor=0.06249, rmse=27.69505
232/240| loss1=0.01451, latent=0.08803, recon=0.19766, smooth=0.21795, decor=0.06244, rmse=26.99031
233/240| loss1=0.01440, latent=0.08798, recon=0.19755, smooth=0.21783, decor=0.06255, rmse=27.43166
234/240| loss1=0.01441, latent=0.08785, recon=0.19725, smooth=0.21750, decor=0.06234, rmse=27.25430
235/240| loss1=0.01435, latent=0.08781, recon=0.19716, smooth=0.21746, decor=0.06263, rmse=27.78793
236/240| loss1=0.01432, latent=0.08775, recon=0.19701, smooth=0.21743, decor=0.06249, rmse=27.47515
237/240| loss1=0.01446, latent=0.08767, recon=0.19681, smooth=0.21746, decor=0.06243, rmse=28.11761
238/240| loss1=0.01438, latent=0.08766, recon=0.19674, smooth=0.21786, decor=0.06218, rmse=27.44388
239/240| loss1=0.01431, latent=0.08752, recon=0.19644, smooth=0.21740, decor=0.06246, rmse=27.76122
source=FD001, target=FD003, a=0.1, b=0.5, epochs=240, type=latent no-align, lr=0.02, using scheduler, latent_dim=12, latent_weight=0.2, target_latent_weight=0.2, no source-target alignment
best = 26.207786060601805, train time = 1076.2508971570005
